<?xml version="1.0" encoding="UTF-8"?>
<testsuite name="com.brainfreezer.util.MathUtilTest" tests="1" skipped="0" failures="0" errors="0" timestamp="2016-04-08T11:43:53" hostname="CHETAN" time="0.003">
  <properties/>
  <testcase name="testAdd" classname="com.brainfreezer.util.MathUtilTest" time="0.003"/>
  <system-out><![CDATA[Testing add()...
]]></system-out>
  <system-err><![CDATA[]]></system-err>
</testsuite>
